<?xml version="1.0" encoding="UTF-8"?>
<!-- Generated by org.testng.reporters.JUnitReportReporter -->
<testsuite hostname="Saibabu" failures="0" tests="1" name="ToCreateContact.ToCreateContactOrganizationToOrganizationTest" time="65.036" errors="0" timestamp="2025-03-26T09:49:20 IST" skipped="0">
  <testcase classname="ToCreateContact.ToCreateContactOrganizationToOrganizationTest" name="ToCreateContactOrganizationToOrganization_05" time="65.036"/>
  <system-out/>
</testsuite> <!-- ToCreateContact.ToCreateContactOrganizationToOrganizationTest -->
