<?xml version="1.0" encoding="UTF-8"?>
<!-- Generated by org.testng.reporters.JUnitReportReporter -->
<testsuite hostname="Saibabu" failures="0" tests="1" name="ToCreateContact.ToCreateOrganizationChemicalIndustryDropDownTest" time="9.185" errors="0" timestamp="2025-03-24T10:15:15 IST" skipped="0">
  <testcase classname="ToCreateContact.ToCreateOrganizationChemicalIndustryDropDownTest" name="ToCreateOrganizationChemicalIndustryDropDown_003" time="9.185"/>
  <system-out/>
</testsuite> <!-- ToCreateContact.ToCreateOrganizationChemicalIndustryDropDownTest -->
