<?xml version="1.0" encoding="UTF-8"?>
<!-- Generated by org.testng.reporters.JUnitReportReporter -->
<testsuite hostname="Saibabu" failures="0" tests="1" name="ToCreateOrganization.ToCreateOrganizationTest" time="23.262" errors="0" timestamp="2025-03-25T10:25:15 IST" skipped="0">
  <testcase classname="ToCreateOrganization.ToCreateOrganizationTest" name="toCreateOrganization_002" time="23.262"/>
  <system-out/>
</testsuite> <!-- ToCreateOrganization.ToCreateOrganizationTest -->
