<?xml version="1.0" encoding="UTF-8"?>
<!-- Generated by org.testng.reporters.JUnitReportReporter -->
<testsuite hostname="Saibabu" failures="0" tests="1" name="ToCreateOrganization.ToCreateOrganizationTest" time="8.832" errors="0" timestamp="2025-04-05T10:45:13 IST" skipped="0">
  <testcase classname="ToCreateOrganization.ToCreateOrganizationTest" name="toCreateOrganization_002" time="8.832"/>
  <system-out/>
</testsuite> <!-- ToCreateOrganization.ToCreateOrganizationTest -->
