<?xml version="1.0" encoding="UTF-8"?>
<!-- Generated by org.testng.reporters.JUnitReportReporter -->
<testsuite hostname="Saibabu" failures="0" tests="1" name="ToCreateContact.ToCreateOrganizationTest" time="9.510" errors="0" timestamp="2025-03-24T10:03:22 IST" skipped="0">
  <testcase classname="ToCreateContact.ToCreateOrganizationTest" name="toCreateOrganization_002" time="9.510"/>
  <system-out/>
</testsuite> <!-- ToCreateContact.ToCreateOrganizationTest -->
