<?xml version="1.0" encoding="UTF-8"?>
<!-- Generated by org.testng.reporters.JUnitReportReporter -->
<testsuite hostname="Saibabu" failures="0" tests="1" name="ToCreateContact.ToCreateOrganizationCustomerDropdownTest" time="9.455" errors="0" timestamp="2025-03-24T10:16:06 IST" skipped="0">
  <testcase classname="ToCreateContact.ToCreateOrganizationCustomerDropdownTest" name="ToCreateOrganizationCustomerDropdown_04" time="9.455"/>
  <system-out/>
</testsuite> <!-- ToCreateContact.ToCreateOrganizationCustomerDropdownTest -->
