<?xml version="1.0" encoding="UTF-8"?>
<!-- Generated by org.testng.reporters.JUnitReportReporter -->
<testsuite hostname="Saibabu" failures="0" tests="1" name="ToCreateContact.ToCreateContactTest" time="8.766" errors="0" timestamp="2025-04-05T10:43:24 IST" skipped="0">
  <testcase classname="ToCreateContact.ToCreateContactTest" name="toCreateContact_001" time="8.766"/>
  <system-out/>
</testsuite> <!-- ToCreateContact.ToCreateContactTest -->
