<?xml version="1.0" encoding="UTF-8"?>
<!-- Generated by org.testng.reporters.JUnitReportReporter -->
<testsuite hostname="Saibabu" failures="0" tests="1" name="ToCreateOrganization.ToCreateOrganizationCustomerDropdownTest" time="9.231" errors="0" timestamp="2025-04-05T10:44:46 IST" skipped="0">
  <testcase classname="ToCreateOrganization.ToCreateOrganizationCustomerDropdownTest" name="ToCreateOrganizationCustomerDropdown_04" time="9.231"/>
  <system-out/>
</testsuite> <!-- ToCreateOrganization.ToCreateOrganizationCustomerDropdownTest -->
