<?xml version="1.0" encoding="UTF-8"?>
<!-- Generated by org.testng.reporters.JUnitReportReporter -->
<testsuite hostname="Saibabu" failures="0" tests="1" name="ToCreateContact.ToCreateContactOrganizationToOrganizationTest" time="18.558" errors="0" timestamp="2025-04-03T10:37:26 IST" skipped="0">
  <testcase classname="ToCreateContact.ToCreateContactOrganizationToOrganizationTest" name="ToCreateContactOrganizationToOrganization_05" time="18.558"/>
  <system-out/>
</testsuite> <!-- ToCreateContact.ToCreateContactOrganizationToOrganizationTest -->
