<?xml version="1.0" encoding="UTF-8"?>
<!-- Generated by org.testng.reporters.JUnitReportReporter -->
<testsuite hostname="Saibabu" failures="0" tests="1" name="ToCreateOrganization.ToCreateOrganizationChemicalIndustryDropDownTest" time="23.339" errors="0" timestamp="2025-03-25T10:25:15 IST" skipped="0">
  <testcase classname="ToCreateOrganization.ToCreateOrganizationChemicalIndustryDropDownTest" name="ToCreateOrganizationChemicalIndustryDropDown_003" time="23.339"/>
  <system-out/>
</testsuite> <!-- ToCreateOrganization.ToCreateOrganizationChemicalIndustryDropDownTest -->
