<?xml version="1.0" encoding="UTF-8"?>
<!-- Generated by org.testng.reporters.JUnitReportReporter -->
<testsuite hostname="Saibabu" failures="0" tests="1" name="ToCreateOrganization.ToCreateOrganizationCustomerDropdownTest" time="15.901" errors="0" timestamp="2025-04-03T10:37:26 IST" skipped="0">
  <testcase classname="ToCreateOrganization.ToCreateOrganizationCustomerDropdownTest" name="ToCreateOrganizationCustomerDropdown_04" time="15.901"/>
  <system-out/>
</testsuite> <!-- ToCreateOrganization.ToCreateOrganizationCustomerDropdownTest -->
