<?xml version="1.0" encoding="UTF-8"?>
<!-- Generated by org.testng.reporters.JUnitReportReporter -->
<testsuite hostname="Saibabu" failures="0" tests="1" name="ToCreateOrganization.ToCreateOrganizationChemicalIndustryDropDownTest" time="9.141" errors="0" timestamp="2025-04-05T10:44:25 IST" skipped="0">
  <testcase classname="ToCreateOrganization.ToCreateOrganizationChemicalIndustryDropDownTest" name="ToCreateOrganizationChemicalIndustryDropDown_003" time="9.141"/>
  <system-out/>
</testsuite> <!-- ToCreateOrganization.ToCreateOrganizationChemicalIndustryDropDownTest -->
